<?xml version="1.0" encoding="UTF-8"?>
<!-- Generated by org.testng.reporters.JUnitReportReporter -->
<testsuite skipped="0" hostname="LAPTOP-B84FV6SC" name="gov.uk.check.visa.testsuite.VisaConfirmationTest" tests="3" failures="0" timestamp="2022-05-10T17:42:12 BST" time="12.083" errors="0">
  <testcase name="aChileanComingToTheUKForWorkAndPlansOnStayingForLongerThanSixMonths" time="4.545" classname="gov.uk.check.visa.testsuite.VisaConfirmationTest"/>
  <system-out/>
  <testcase name="anAustralianCominToUKForTourism" time="4.146" classname="gov.uk.check.visa.testsuite.VisaConfirmationTest"/>
  <system-out/>
  <testcase name="aColumbianNationalComingToTheUKToJoinAPartnerForALongStayTheyDoHaveAnArticle10Or20Card" time="3.392" classname="gov.uk.check.visa.testsuite.VisaConfirmationTest"/>
  <system-out/>
</testsuite> <!-- gov.uk.check.visa.testsuite.VisaConfirmationTest -->
